[35m[Appium][39m Welcome to Appium v1.19.0
[35m[Appium][39m Non-default server args:
[35m[Appium][39m   port: 57878
[35m[Appium][39m   loglevel: info
[35m[Appium][39m   tmpDir: C:\Users\CCA\AppData\Local\Temp\\Katalon\Appium\Temp1606431425124
[35m[Appium][39m   chromedriverPort: 57879
[35m[Appium][39m Deprecated server args:
[35m[Appium][39m   [31m--chromedriver-port[39m => --default-capabilities
[35m[Appium][39m Default capabilities, which will be added to each request unless overridden by desired capabilities:
[35m[Appium][39m   chromedriverPort: 57879
[35m[Appium][39m Appium REST http interface listener started on 0.0.0.0:57878
[35m[HTTP][39m [37m-->[39m [37mGET[39m [37m/wd/hub/status[39m
[35m[HTTP][39m [90m{}[39m
[35m[HTTP][39m [37m<-- GET /wd/hub/status [39m[32m200[39m [90m7 ms - 68[39m
[35m[HTTP][39m [90m[39m
[35m[HTTP][39m [37m-->[39m [37mGET[39m [37m/wd/hub/status[39m
[35m[HTTP][39m [90m{}[39m
[35m[HTTP][39m [37m<-- GET /wd/hub/status [39m[32m200[39m [90m1 ms - 68[39m
[35m[HTTP][39m [90m[39m
[35m[HTTP][39m [37m-->[39m [37mPOST[39m [37m/wd/hub/session[39m
[35m[HTTP][39m [90m{"desiredCapabilities":{"app":"C:\\Users\\CCA\\Downloads\\staging-spacestock-crm-2-787df2d3180b43d8b4aa1c8d7dff135c-signed.apk","noReset":true,"deviceName":"vivo vivo 1918 (Android 10)","fullReset":false,"platform":"ANDROID","newCommandTimeout":1800,"platformVersion":"10","automationName":"uiautomator2","autoGrantPermissions":true,"platformName":"Android","udid":"9984e0db","systemPort":57884},"capabilities":{"firstMatch":[{"appium:app":"C:\\Users\\CCA\\Downloads\\staging-spacestock-crm-2-787df2d3180b43d8b4aa1c8d7dff135c-signed.apk","appium:autoGrantPermissions":true,"appium:automationName":"uiautomator2","appium:deviceName":"vivo vivo 1918 (Android 10)","appium:fullReset":false,"appium:newCommandTimeout":1800,"appium:noReset":true,"platform":"ANDROID","platformName":"android","appium:platformVersion":"10","appium:systemPort":57884,"appium:udid":"9984e0db"}]}}[39m
[35m[BaseDriver][39m The following capabilities are not standard capabilities and should have an extension prefix:
[35m[BaseDriver][39m   platform
[35m[BaseDriver][39m   chromedriverPort
[35m[Appium][39m Appium v1.19.0 creating new AndroidUiautomator2Driver (v1.59.0) session
[35m[BaseDriver][39m The following capabilities were provided, but are not recognized by Appium:
[35m[BaseDriver][39m   platform
[35m[BaseDriver][39m Session created with session id: fdd61ab5-f45b-49b0-9597-efa24848c00c
[35m[BaseDriver][39m Using local app 'C:\Users\CCA\Downloads\staging-spacestock-crm-2-787df2d3180b43d8b4aa1c8d7dff135c-signed.apk'
[35m[ADB][39m Found 2 'build-tools' folders under 'C:\Users\CCA\.katalon\tools\android_sdk' (newest first):
[35m[ADB][39m     C:/Users/CCA/.katalon/tools/android_sdk/build-tools/30.0.2
[35m[ADB][39m     C:/Users/CCA/.katalon/tools/android_sdk/build-tools/29.0.3
[35m[ADB][39m Using 'adb.exe' from 'C:\Users\CCA\.katalon\tools\android_sdk\platform-tools\adb.exe'
[35m[AndroidDriver][39m Retrieving device list
[35m[AndroidDriver][39m Using device: 9984e0db
[35m[ADB][39m Using 'adb.exe' from 'C:\Users\CCA\.katalon\tools\android_sdk\platform-tools\adb.exe'
[35m[ADB][39m Getting device platform version
[35m[UiAutomator2][39m Relaxing hidden api policy
[35m[ADB][39m Package name: 'com.spacestock.stgcrm'
[35m[ADB][39m Main activity name: 'host.exp.exponent.MainActivity'
[35m[ADB][39m Using 'apksigner.jar' from 'C:\Users\CCA\.katalon\tools\android_sdk\build-tools\30.0.2\lib\apksigner.jar'
[35m[ADB][39m 'C:\Users\CCA\AppData\Roaming\npm\node_modules\appium\node_modules\appium-uiautomator2-server\apks\appium-uiautomator2-server-v4.15.0.apk' is signed with the default certificate
[35m[ADB][39m 'C:\Users\CCA\AppData\Roaming\npm\node_modules\appium\node_modules\appium-uiautomator2-server\apks\appium-uiautomator2-server-debug-androidTest.apk' is signed with the default certificate
[35m[UiAutomator2][39m Server packages are not going to be (re)installed
[35m[ADB][39m 'C:\Users\CCA\Downloads\staging-spacestock-crm-2-787df2d3180b43d8b4aa1c8d7dff135c-signed.apk' is signed with a non-default certificate
[35m[UiAutomator2][39m Starting UIAutomator2 server 4.15.0
[35m[UiAutomator2][39m Using UIAutomator2 server from 'C:\Users\CCA\AppData\Roaming\npm\node_modules\appium\node_modules\appium-uiautomator2-server\apks\appium-uiautomator2-server-v4.15.0.apk' and test from 'C:\Users\CCA\AppData\Roaming\npm\node_modules\appium\node_modules\appium-uiautomator2-server\apks\appium-uiautomator2-server-debug-androidTest.apk'
[35m[UiAutomator2][39m Waiting up to 30000ms for UiAutomator2 to be online...
[35m[WD Proxy][39m socket hang up
[35m[WD Proxy][39m socket hang up
[35m[WD Proxy][39m Determined the downstream protocol as 'W3C'
[35m[AndroidDriver][39m Screen already unlocked, doing nothing
[35m[UiAutomator2][39m Starting 'com.spacestock.stgcrm/host.exp.exponent.MainActivity and waiting for 'com.spacestock.stgcrm/host.exp.exponent.MainActivity'
[35m[Appium][39m New AndroidUiautomator2Driver session created successfully, session fdd61ab5-f45b-49b0-9597-efa24848c00c added to master session list
[35m[HTTP][39m [37m<-- POST /wd/hub/session [39m[32m200[39m [90m14050 ms - 1327[39m
[35m[HTTP][39m [90m[39m
[35m[HTTP][39m [37m-->[39m [37mGET[39m [37m/wd/hub/session/fdd61ab5-f45b-49b0-9597-efa24848c00c[39m
[35m[HTTP][39m [90m{}[39m
[35m[HTTP][39m [37m<-- GET /wd/hub/session/fdd61ab5-f45b-49b0-9597-efa24848c00c [39m[32m200[39m [90m22 ms - 1281[39m
[35m[HTTP][39m [90m[39m
[35m[HTTP][39m [37m-->[39m [37mGET[39m [37m/wd/hub/session/fdd61ab5-f45b-49b0-9597-efa24848c00c[39m
[35m[HTTP][39m [90m{}[39m
[35m[HTTP][39m [37m<-- GET /wd/hub/session/fdd61ab5-f45b-49b0-9597-efa24848c00c [39m[32m200[39m [90m21 ms - 1281[39m
[35m[HTTP][39m [90m[39m
[35m[HTTP][39m [37m-->[39m [37mGET[39m [37m/wd/hub/status[39m
[35m[HTTP][39m [90m{}[39m
[35m[HTTP][39m [37m<-- GET /wd/hub/status [39m[32m200[39m [90m3 ms - 68[39m
[35m[HTTP][39m [90m[39m
[35m[HTTP][39m [37m-->[39m [37mPOST[39m [37m/wd/hub/session/fdd61ab5-f45b-49b0-9597-efa24848c00c/timeouts[39m
[35m[HTTP][39m [90m{"implicit":60000}[39m
[35m[HTTP][39m [37m<-- POST /wd/hub/session/fdd61ab5-f45b-49b0-9597-efa24848c00c/timeouts [39m[32m200[39m [90m3 ms - 14[39m
[35m[HTTP][39m [90m[39m
[35m[HTTP][39m [37m-->[39m [37mGET[39m [37m/wd/hub/session/fdd61ab5-f45b-49b0-9597-efa24848c00c/source[39m
[35m[HTTP][39m [90m{}[39m
[35m[W3C (fdd61ab5)][39m Driver proxy active, passing request on via HTTP proxy
[35m[WD Proxy][39m Replacing sessionId f25fee7e-7f27-466a-b745-0fda907ad38a with fdd61ab5-f45b-49b0-9597-efa24848c00c
[35m[HTTP][39m [37m<-- GET /wd/hub/session/fdd61ab5-f45b-49b0-9597-efa24848c00c/source [39m[32m200[39m [90m595 ms - 4453[39m
[35m[HTTP][39m [90m[39m
[35m[HTTP][39m [37m-->[39m [37mGET[39m [37m/wd/hub/session/fdd61ab5-f45b-49b0-9597-efa24848c00c/screenshot[39m
[35m[HTTP][39m [90m{}[39m
[35m[HTTP][39m [37m<-- GET /wd/hub/session/fdd61ab5-f45b-49b0-9597-efa24848c00c/screenshot [39m[32m200[39m [90m627 ms - 72356[39m
[35m[HTTP][39m [90m[39m
[35m[HTTP][39m [37m-->[39m [37mGET[39m [37m/wd/hub/session/fdd61ab5-f45b-49b0-9597-efa24848c00c/source[39m
[35m[HTTP][39m [90m{}[39m
[35m[W3C (fdd61ab5)][39m Driver proxy active, passing request on via HTTP proxy
[35m[WD Proxy][39m Replacing sessionId f25fee7e-7f27-466a-b745-0fda907ad38a with fdd61ab5-f45b-49b0-9597-efa24848c00c
[35m[HTTP][39m [37m<-- GET /wd/hub/session/fdd61ab5-f45b-49b0-9597-efa24848c00c/source [39m[32m200[39m [90m757 ms - 37567[39m
[35m[HTTP][39m [90m[39m
[35m[HTTP][39m [37m-->[39m [37mGET[39m [37m/wd/hub/session/fdd61ab5-f45b-49b0-9597-efa24848c00c/screenshot[39m
[35m[HTTP][39m [90m{}[39m
[35m[HTTP][39m [37m<-- GET /wd/hub/session/fdd61ab5-f45b-49b0-9597-efa24848c00c/screenshot [39m[32m200[39m [90m1002 ms - 935758[39m
[35m[HTTP][39m [90m[39m
[35m[HTTP][39m [37m-->[39m [37mPOST[39m [37m/wd/hub/session/fdd61ab5-f45b-49b0-9597-efa24848c00c/elements[39m
[35m[HTTP][39m [90m{"using":"-android uiautomator","value":"new UiSelector().className(\"android.widget.ImageView\").packageName(\"com.spacestock.stgcrm\").enabled(true).clickable(false).longClickable(false).checkable(false).checked(false).focusable(false).focused(false).scrollable(false).selected(false).index(0)"}[39m
[35m[HTTP][39m [37m<-- POST /wd/hub/session/fdd61ab5-f45b-49b0-9597-efa24848c00c/elements [39m[32m200[39m [90m412 ms - 651[39m
[35m[HTTP][39m [90m[39m
[35m[HTTP][39m [37m-->[39m [37mGET[39m [37m/wd/hub/session/fdd61ab5-f45b-49b0-9597-efa24848c00c/window/rect[39m
[35m[HTTP][39m [90m{}[39m
[35m[HTTP][39m [37m<-- GET /wd/hub/session/fdd61ab5-f45b-49b0-9597-efa24848c00c/window/rect [39m[32m200[39m [90m80 ms - 50[39m
[35m[HTTP][39m [90m[39m
[35m[HTTP][39m [37m-->[39m [37mPOST[39m [37m/wd/hub/session/fdd61ab5-f45b-49b0-9597-efa24848c00c/elements[39m
[35m[HTTP][39m [90m{"using":"xpath","value":"//hierarchy/android.widget.FrameLayout[1]/android.widget.LinearLayout[1]/android.widget.FrameLayout[1]/android.widget.LinearLayout[1]/android.widget.FrameLayout[1]/android.widget.FrameLayout[1]/android.widget.FrameLayout[1]/android.widget.FrameLayout[1]/android.view.ViewGroup[1]/android.view.ViewGroup[1]/android.view.ViewGroup[1]/android.view.ViewGroup[1]/android.view.ViewGroup[1]/android.view.ViewGroup[1]/android.view.ViewGroup[1]/android.view.ViewGroup[1]/android.view.ViewGroup[2]/android.widget.ImageView[1]"}[39m
[35m[HTTP][39m [37m<-- POST /wd/hub/session/fdd61ab5-f45b-49b0-9597-efa24848c00c/elements [39m[32m200[39m [90m415 ms - 139[39m
[35m[HTTP][39m [90m[39m
[35m[HTTP][39m [37m-->[39m [37mGET[39m [37m/wd/hub/session/fdd61ab5-f45b-49b0-9597-efa24848c00c/element/6bde8695-d892-4fb8-8c12-3036c482c103/location[39m
[35m[HTTP][39m [90m{}[39m
[35m[W3C (fdd61ab5)][39m Driver proxy active, passing request on via HTTP proxy
[35m[WD Proxy][39m Replacing sessionId f25fee7e-7f27-466a-b745-0fda907ad38a with fdd61ab5-f45b-49b0-9597-efa24848c00c
[35m[HTTP][39m [37m<-- GET /wd/hub/session/fdd61ab5-f45b-49b0-9597-efa24848c00c/element/6bde8695-d892-4fb8-8c12-3036c482c103/location [39m[32m200[39m [90m77 ms - 78[39m
[35m[HTTP][39m [90m[39m
[35m[HTTP][39m [37m-->[39m [37mPOST[39m [37m/wd/hub/session/fdd61ab5-f45b-49b0-9597-efa24848c00c/touch/perform[39m
[35m[HTTP][39m [90m{"actions":[{"action":"tap","options":{"x":1,"y":1,"element":"6bde8695-d892-4fb8-8c12-3036c482c103"}}]}[39m
[35m[UiAutomator2][39m calling get location: 6bde8695-d892-4fb8-8c12-3036c482c103
[35m[HTTP][39m [37m<-- POST /wd/hub/session/fdd61ab5-f45b-49b0-9597-efa24848c00c/touch/perform [39m[32m200[39m [90m384 ms - 14[39m
[35m[HTTP][39m [90m[39m
[35m[HTTP][39m [37m-->[39m [37mGET[39m [37m/wd/hub/session/fdd61ab5-f45b-49b0-9597-efa24848c00c/source[39m
[35m[HTTP][39m [90m{}[39m
[35m[W3C (fdd61ab5)][39m Driver proxy active, passing request on via HTTP proxy
[35m[WD Proxy][39m Replacing sessionId f25fee7e-7f27-466a-b745-0fda907ad38a with fdd61ab5-f45b-49b0-9597-efa24848c00c
[35m[HTTP][39m [37m<-- GET /wd/hub/session/fdd61ab5-f45b-49b0-9597-efa24848c00c/source [39m[32m200[39m [90m1922 ms - 54563[39m
[35m[HTTP][39m [90m[39m
[35m[HTTP][39m [37m-->[39m [37mGET[39m [37m/wd/hub/session/fdd61ab5-f45b-49b0-9597-efa24848c00c/screenshot[39m
[35m[HTTP][39m [90m{}[39m
[35m[HTTP][39m [37m<-- GET /wd/hub/session/fdd61ab5-f45b-49b0-9597-efa24848c00c/screenshot [39m[32m200[39m [90m749 ms - 368654[39m
[35m[HTTP][39m [90m[39m
[35m[HTTP][39m [37m-->[39m [37mPOST[39m [37m/wd/hub/session/fdd61ab5-f45b-49b0-9597-efa24848c00c/elements[39m
[35m[HTTP][39m [90m{"using":"-android uiautomator","value":"new UiSelector().className(\"android.widget.TextView\").text(\"Logout\").packageName(\"com.spacestock.stgcrm\").enabled(true).clickable(false).longClickable(false).checkable(false).checked(false).focusable(false).focused(false).scrollable(false).selected(false).index(2)"}[39m
[35m[HTTP][39m [37m<-- POST /wd/hub/session/fdd61ab5-f45b-49b0-9597-efa24848c00c/elements [39m[32m200[39m [90m228 ms - 139[39m
[35m[HTTP][39m [90m[39m
[35m[HTTP][39m [37m-->[39m [37mGET[39m [37m/wd/hub/session/fdd61ab5-f45b-49b0-9597-efa24848c00c/window/rect[39m
[35m[HTTP][39m [90m{}[39m
[35m[HTTP][39m [37m<-- GET /wd/hub/session/fdd61ab5-f45b-49b0-9597-efa24848c00c/window/rect [39m[32m200[39m [90m106 ms - 50[39m
[35m[HTTP][39m [90m[39m
[35m[HTTP][39m [37m-->[39m [37mPOST[39m [37m/wd/hub/session/fdd61ab5-f45b-49b0-9597-efa24848c00c/elements[39m
[35m[HTTP][39m [90m{"using":"-android uiautomator","value":"new UiSelector().className(\"android.widget.TextView\").text(\"Logout\").packageName(\"com.spacestock.stgcrm\").enabled(true).clickable(false).longClickable(false).checkable(false).checked(false).focusable(false).focused(false).scrollable(false).selected(false).index(2)"}[39m
[35m[HTTP][39m [37m<-- POST /wd/hub/session/fdd61ab5-f45b-49b0-9597-efa24848c00c/elements [39m[32m200[39m [90m178 ms - 139[39m
[35m[HTTP][39m [90m[39m
[35m[HTTP][39m [37m-->[39m [37mGET[39m [37m/wd/hub/session/fdd61ab5-f45b-49b0-9597-efa24848c00c/element/6be18646-07be-41db-8d58-f5a97a09dc69/location[39m
[35m[HTTP][39m [90m{}[39m
[35m[W3C (fdd61ab5)][39m Driver proxy active, passing request on via HTTP proxy
[35m[WD Proxy][39m Replacing sessionId f25fee7e-7f27-466a-b745-0fda907ad38a with fdd61ab5-f45b-49b0-9597-efa24848c00c
[35m[HTTP][39m [37m<-- GET /wd/hub/session/fdd61ab5-f45b-49b0-9597-efa24848c00c/element/6be18646-07be-41db-8d58-f5a97a09dc69/location [39m[32m200[39m [90m97 ms - 79[39m
[35m[HTTP][39m [90m[39m
[35m[HTTP][39m [37m-->[39m [37mPOST[39m [37m/wd/hub/session/fdd61ab5-f45b-49b0-9597-efa24848c00c/touch/perform[39m
[35m[HTTP][39m [90m{"actions":[{"action":"tap","options":{"x":1,"y":1,"element":"6be18646-07be-41db-8d58-f5a97a09dc69"}}]}[39m
[35m[UiAutomator2][39m calling get location: 6be18646-07be-41db-8d58-f5a97a09dc69
[35m[HTTP][39m [37m<-- POST /wd/hub/session/fdd61ab5-f45b-49b0-9597-efa24848c00c/touch/perform [39m[32m200[39m [90m308 ms - 14[39m
[35m[HTTP][39m [90m[39m
[35m[HTTP][39m [37m-->[39m [37mGET[39m [37m/wd/hub/session/fdd61ab5-f45b-49b0-9597-efa24848c00c/source[39m
[35m[HTTP][39m [90m{}[39m
[35m[W3C (fdd61ab5)][39m Driver proxy active, passing request on via HTTP proxy
[35m[WD Proxy][39m Replacing sessionId f25fee7e-7f27-466a-b745-0fda907ad38a with fdd61ab5-f45b-49b0-9597-efa24848c00c
[35m[HTTP][39m [37m<-- GET /wd/hub/session/fdd61ab5-f45b-49b0-9597-efa24848c00c/source [39m[32m200[39m [90m909 ms - 13664[39m
[35m[HTTP][39m [90m[39m
[35m[HTTP][39m [37m-->[39m [37mGET[39m [37m/wd/hub/session/fdd61ab5-f45b-49b0-9597-efa24848c00c/screenshot[39m
[35m[HTTP][39m [90m{}[39m
[35m[HTTP][39m [37m<-- GET /wd/hub/session/fdd61ab5-f45b-49b0-9597-efa24848c00c/screenshot [39m[32m200[39m [90m621 ms - 94586[39m
[35m[HTTP][39m [90m[39m
[35m[HTTP][39m [37m-->[39m [37mDELETE[39m [37m/wd/hub/session/fdd61ab5-f45b-49b0-9597-efa24848c00c[39m
[35m[HTTP][39m [90m{}[39m
[35m[Appium][39m Removing session fdd61ab5-f45b-49b0-9597-efa24848c00c from our master session list
[35m[UiAutomator2][39m Restoring hidden api policy to the device default configuration
[35m[HTTP][39m [37m<-- DELETE /wd/hub/session/fdd61ab5-f45b-49b0-9597-efa24848c00c [39m[32m200[39m [90m685 ms - 14[39m
[35m[HTTP][39m [90m[39m
